0 silly argv {
0 silly argv   _: [ 'create' ],
0 silly argv   lernaVersion: '8.1.6',
0 silly argv   '$0': 'node_modules/lerna/dist/cli.js',
0 silly argv   name: 'janribka-types'
0 silly argv }
1 notice cli v8.1.6
2 verbose packageConfigs Resolving packages based on package.json "workspaces" configuration.
3 verbose rootPath /home/honza/Plocha/lerna
4 warn ENOREMOTE No git remote found, skipping repository property
5 error Error: canceled
5 error     at Interface.<anonymous> (/home/honza/Plocha/lerna/node_modules/.pnpm/read@3.0.1/node_modules/read/dist/commonjs/read.js:89:21)
5 error     at Interface.emit (node:events:519:28)
5 error     at [_ttyWrite] [as _ttyWrite] (node:internal/readline/interface:1126:18)
5 error     at ReadStream.onkeypress (node:internal/readline/interface:265:20)
5 error     at ReadStream.emit (node:events:519:28)
5 error     at emitKeys (node:internal/readline/utils:371:14)
5 error     at emitKeys.next (<anonymous>)
5 error     at ReadStream.onData (node:internal/readline/emitKeypressEvents:64:36)
5 error     at ReadStream.emit (node:events:519:28)
